ninja: Entering directory `lib/bs'
[2/2] Building src/demo.mlast.d
[1/4] Building src/d3.cmj
FAILED: src/d3.cmj /Users/bla/Development/sandbox/reason-hello/lib/js/src/d3.js src/d3.cmi 
/Users/bla/.nvm/versions/node/v6.9.4/lib/node_modules/bs-platform/bin/bsc.exe -bs-package-name reason-hello  -bs-package-output commonjs:lib/js/src -bs-assume-no-mli -bs-no-builtin-ppx-ml -bs-no-implicit-include  -I src   -nostdlib -I '/Users/bla/Development/sandbox/reason-hello/node_modules/bs-platform/lib/ocaml' -bs-super-errors -no-alias-deps -color always -w -40+6+7+27+32..39+44+45 -bs-re-error -o src/d3.cmj -c  src/d3.mlast 

  We've found a bug for you!
  
  
  Unbound value <:
  
[2/4] Building src/a.cmj
FAILED: src/a.cmj /Users/bla/Development/sandbox/reason-hello/lib/js/src/a.js src/a.cmi 
/Users/bla/.nvm/versions/node/v6.9.4/lib/node_modules/bs-platform/bin/bsc.exe -bs-package-name reason-hello  -bs-package-output commonjs:lib/js/src -bs-assume-no-mli -bs-no-builtin-ppx-ml -bs-no-implicit-include  -I src   -nostdlib -I '/Users/bla/Development/sandbox/reason-hello/node_modules/bs-platform/lib/ocaml' -bs-super-errors -no-alias-deps -color always -w -40+6+7+27+32..39+44+45 -bs-re-error -o src/a.cmj -c  src/a.mlast 

  We've found a bug for you!
  /Users/bla/Development/sandbox/reason-hello/src/a.re 2:8-17
  
  1 │ let debugAstNode astNode =>
  2 │ switch astsdfNode {
  3 │   | true => "Error when parsing: " ^ msg
  4 │ };
  
  Unbound value astsdfNode
  
  Hint: Did you mean astNode?
  
[3/4] Building src/demo.cmj
FAILED: src/demo.cmj /Users/bla/Development/sandbox/reason-hello/lib/js/src/demo.js src/demo.cmi 
/Users/bla/.nvm/versions/node/v6.9.4/lib/node_modules/bs-platform/bin/bsc.exe -bs-package-name reason-hello  -bs-package-output commonjs:lib/js/src -bs-assume-no-mli -bs-no-builtin-ppx-ml -bs-no-implicit-include  -I src   -nostdlib -I '/Users/bla/Development/sandbox/reason-hello/node_modules/bs-platform/lib/ocaml' -bs-super-errors -no-alias-deps -color always -w -40+6+7+27+32..39+44+45 -bs-re-error -o src/demo.cmj -c  src/demo.mlast 

  We've found a bug for you!
  /Users/bla/Development/sandbox/reason-hello/src/demo.re 59:9-23
  
  57 │   };
  58 │ 
  59 │ Js.log (pattesdfrnMatch test other);
  60 │ 
  61 │ /* Records */
  
  Unbound value pattesdfrnMatch
  
  Hint: Did you mean patternMatch?
  
ninja: build stopped: subcommand failed.