ninja: Entering directory `lib/bs'
[1/3] Building /src/lexer_flow.ml
435 states, 7417 transitions, table size 32278 bytes
5984 additional bytes used for bindings
[3/3] Building src/lexer_flow.mlast.d
[1/7] Building src/parser_env-Jeason.cmi
FAILED: src/parser_env-Jeason.cmi
/Users/foo/.nvm/versions/node/v6.11.2/lib/node_modules/bs-platform/lib/bsc.exe -bs-package-map jeason  -bs-package-output commonjs:src -bs-no-builtin-ppx-mli -bs-no-implicit-include  -I . -I src  -w -30-40+6+7+27+32..39+44+45+101 -warn-error +101 -bs-suffix -nostdlib -I '/node_modules/bs-platform/lib/ocaml' -no-alias-deps -color always -o src/parser_env-Jeason.cmi -c  src/parser_env.mliast
File "/src/parser_env.mli", line 29, characters 9-27:
Error: Unbound module Lexer_flow.Token
[2/7] Building src/lexer_flow-Jeason.cmj
FAILED: src/lexer_flow-Jeason.cmj /src/lexer_flow.bs.js src/lexer_flow-Jeason.cmi
/Users/foo/.nvm/versions/node/v6.11.2/lib/node_modules/bs-platform/lib/bsc.exe -bs-package-map jeason  -bs-package-output commonjs:src -bs-assume-no-mli -bs-no-builtin-ppx-ml -bs-no-implicit-include  -I . -I src  -w -30-40+6+7+27+32..39+44+45+101 -warn-error +101 -bs-suffix -nostdlib -I '/node_modules/bs-platform/lib/ocaml' -no-alias-deps -color always -o src/lexer_flow-Jeason.cmj -c  src/lexer_flow.mlast
File "/src/lexer_flow.mll", line 332, characters 4-24:
Error: This expression has type bytes but an expression was expected of type
         string
ninja: build stopped: subcommand failed.
